0 info it worked if it ends with ok
1 verbose cli [ '/usr/local/bin/node', '/usr/local/bin/npm', 'run', 'pro' ]
2 info using npm@3.8.6
3 info using node@v9.4.0
4 verbose run-script [ 'prepro', 'pro', 'postpro' ]
5 info lifecycle app@0.0.1~prepro: app@0.0.1
6 silly lifecycle app@0.0.1~prepro: no script for prepro, continuing
7 info lifecycle app@0.0.1~pro: app@0.0.1
8 verbose lifecycle app@0.0.1~pro: unsafe-perm in lifecycle true
9 verbose lifecycle app@0.0.1~pro: PATH: /usr/local/lib/node_modules/npm/bin/node-gyp-bin:/www/ps-jobs/app/node_modules/.bin:/usr/local/bin:/usr/local/share/npm/lib/node_modules/grunt-cli/bin:/usr/local/bin:/usr/bin:/bin:/usr/sbin:/sbin:/Users/admin/.rvm/bin
10 verbose lifecycle app@0.0.1~pro: CWD: /www/ps-jobs/app
11 silly lifecycle app@0.0.1~pro: Args: [ '-c', 'next build; node app.js' ]
12 silly lifecycle app@0.0.1~pro: Returned: code: 1  signal: null
13 info lifecycle app@0.0.1~pro: Failed to exec pro script
14 verbose stack Error: app@0.0.1 pro: `next build; node app.js`
14 verbose stack Exit status 1
14 verbose stack     at EventEmitter.<anonymous> (/usr/local/lib/node_modules/npm/lib/utils/lifecycle.js:239:16)
14 verbose stack     at EventEmitter.emit (events.js:160:13)
14 verbose stack     at ChildProcess.<anonymous> (/usr/local/lib/node_modules/npm/lib/utils/spawn.js:24:14)
14 verbose stack     at ChildProcess.emit (events.js:160:13)
14 verbose stack     at maybeClose (internal/child_process.js:943:16)
14 verbose stack     at Process.ChildProcess._handle.onexit (internal/child_process.js:220:5)
15 verbose pkgid app@0.0.1
16 verbose cwd /www/ps-jobs/app
17 error Darwin 16.7.0
18 error argv "/usr/local/bin/node" "/usr/local/bin/npm" "run" "pro"
19 error node v9.4.0
20 error npm  v3.8.6
21 error code ELIFECYCLE
22 error app@0.0.1 pro: `next build; node app.js`
22 error Exit status 1
23 error Failed at the app@0.0.1 pro script 'next build; node app.js'.
23 error Make sure you have the latest version of node.js and npm installed.
23 error If you do, this is most likely a problem with the app package,
23 error not with npm itself.
23 error Tell the author that this fails on your system:
23 error     next build; node app.js
23 error You can get information on how to open an issue for this project with:
23 error     npm bugs app
23 error Or if that isn't available, you can get their info via:
23 error     npm owner ls app
23 error There is likely additional logging output above.
24 verbose exit [ 1, true ]
