0 info it worked if it ends with ok
1 verbose cli [ '/usr/local/bin/node', '/usr/local/bin/npm', 'run', 'www' ]
2 info using npm@3.8.6
3 info using node@v9.4.0
4 verbose run-script [ 'prewww', 'www', 'postwww' ]
5 info lifecycle api@0.0.1~prewww: api@0.0.1
6 silly lifecycle api@0.0.1~prewww: no script for prewww, continuing
7 info lifecycle api@0.0.1~www: api@0.0.1
8 verbose lifecycle api@0.0.1~www: unsafe-perm in lifecycle true
9 verbose lifecycle api@0.0.1~www: PATH: /usr/local/lib/node_modules/npm/bin/node-gyp-bin:/www/ps-jobs/api/node_modules/.bin:/usr/local/bin:/usr/local/share/npm/lib/node_modules/grunt-cli/bin:/usr/local/bin:/usr/bin:/bin:/usr/sbin:/sbin:/Users/admin/.rvm/bin
10 verbose lifecycle api@0.0.1~www: CWD: /www/ps-jobs/api
11 silly lifecycle api@0.0.1~www: Args: [ '-c', 'node bin/www' ]
12 silly lifecycle api@0.0.1~www: Returned: code: 1  signal: null
13 info lifecycle api@0.0.1~www: Failed to exec www script
14 verbose stack Error: api@0.0.1 www: `node bin/www`
14 verbose stack Exit status 1
14 verbose stack     at EventEmitter.<anonymous> (/usr/local/lib/node_modules/npm/lib/utils/lifecycle.js:239:16)
14 verbose stack     at EventEmitter.emit (events.js:160:13)
14 verbose stack     at ChildProcess.<anonymous> (/usr/local/lib/node_modules/npm/lib/utils/spawn.js:24:14)
14 verbose stack     at ChildProcess.emit (events.js:160:13)
14 verbose stack     at maybeClose (internal/child_process.js:943:16)
14 verbose stack     at Process.ChildProcess._handle.onexit (internal/child_process.js:220:5)
15 verbose pkgid api@0.0.1
16 verbose cwd /www/ps-jobs/api
17 error Darwin 16.7.0
18 error argv "/usr/local/bin/node" "/usr/local/bin/npm" "run" "www"
19 error node v9.4.0
20 error npm  v3.8.6
21 error code ELIFECYCLE
22 error api@0.0.1 www: `node bin/www`
22 error Exit status 1
23 error Failed at the api@0.0.1 www script 'node bin/www'.
23 error Make sure you have the latest version of node.js and npm installed.
23 error If you do, this is most likely a problem with the api package,
23 error not with npm itself.
23 error Tell the author that this fails on your system:
23 error     node bin/www
23 error You can get information on how to open an issue for this project with:
23 error     npm bugs api
23 error Or if that isn't available, you can get their info via:
23 error     npm owner ls api
23 error There is likely additional logging output above.
24 verbose exit [ 1, true ]
